0 verbose cli /opt/homebrew/Cellar/node/22.1.0/bin/node /opt/homebrew/Cellar/node/22.1.0/bin/npm
1 info using npm@10.7.0
2 info using node@v22.1.0
3 silly config:load:file:/opt/homebrew/lib/node_modules/npm/npmrc
4 silly config:load:file:/Users/fschlegelone/.config/nvim/.npmrc
5 silly config:load:file:/Users/fschlegelone/.npmrc
6 silly config:load:file:/opt/homebrew/etc/npmrc
7 verbose title npm info neovim
8 verbose argv "info" "neovim" "--json"
9 verbose logfile logs-max:10 dir:/Users/fschlegelone/.npm/_logs/2024-05-07T07_31_13_497Z-
10 verbose logfile /Users/fschlegelone/.npm/_logs/2024-05-07T07_31_13_497Z-debug-0.log
11 silly logfile start cleaning logs, removing 6 files
12 silly logfile done cleaning log files
13 http fetch GET 200 https://registry.npmjs.org/neovim 195ms (cache miss)
14 silly view {
14 silly view   '5.1.0': {
14 silly view     _id: 'neovim@5.1.0',
14 silly view     _rev: '48-cf8868513b7c49aadb9e4637399649d9',
14 silly view     name: 'neovim',
14 silly view     description: 'Nvim msgpack API client and remote plugin provider',
14 silly view     'dist-tags': { latest: '5.1.0' },
14 silly view     versions: [
14 silly view       '0.0.1',   '0.1.0',         '3.0.0',
14 silly view       '3.1.0',   '3.2.0',         '3.2.1',
14 silly view       '3.2.2',   '3.2.3',         '3.2.4',
14 silly view       '3.2.5',   '3.2.6',         '3.2.7',
14 silly view       '3.4.1-0', '3.4.2',         '3.4.4',
14 silly view       '3.4.5',   '3.5.0',         '3.5.1',
14 silly view       '3.5.2',   '4.0.0-alpha.1', '4.0.0',
14 silly view       '4.0.1',   '4.1.0',         '4.2.0',
14 silly view       '4.2.1',   '4.3.0',         '4.4.0',
14 silly view       '4.5.0',   '4.6.0-alpha.0', '4.6.0',
14 silly view       '4.7.0',   '4.8.0',         '4.9.0',
14 silly view       '4.10.0',  '4.10.1',        '4.11.0',
14 silly view       '5.0.1',   '5.1.0'
14 silly view     ],
14 silly view     maintainers: [ [Object], [Object] ],
14 silly view     time: {
14 silly view       modified: '2024-03-20T14:01:32.102Z',
14 silly view       created: '2014-11-26T06:31:04.482Z',
14 silly view       '0.0.1': '2014-11-26T06:31:04.482Z',
14 silly view       '0.1.0': '2017-06-13T02:05:45.474Z',
14 silly view       '3.0.0': '2017-06-13T02:09:26.056Z',
14 silly view       '3.1.0': '2017-06-16T18:12:42.133Z',
14 silly view       '3.2.0': '2017-06-30T02:53:03.216Z',
14 silly view       '3.2.1': '2017-06-30T04:07:17.584Z',
14 silly view       '3.2.2': '2017-06-30T20:23:21.705Z',
14 silly view       '3.2.3': '2017-06-30T20:34:28.204Z',
14 silly view       '3.2.4': '2017-06-30T20:42:01.976Z',
14 silly view       '3.2.5': '2017-06-30T20:49:25.295Z',
14 silly view       '3.2.6': '2017-06-30T20:53:56.511Z',
14 silly view       '3.2.7': '2017-07-03T16:31:16.908Z',
14 silly view       '3.4.1-0': '2017-07-05T19:44:43.619Z',
14 silly view       '3.4.2': '2017-07-24T04:30:34.825Z',
14 silly view       '3.4.4': '2017-07-24T04:51:55.701Z',
14 silly view       '3.4.5': '2017-07-31T16:09:48.967Z',
14 silly view       '3.5.0': '2017-10-27T14:55:48.115Z',
14 silly view       '3.5.1': '2017-12-10T05:14:24.567Z',
14 silly view       '3.5.2': '2018-01-02T16:57:05.458Z',
14 silly view       '4.0.0': '2018-05-13T18:39:53.688Z',
14 silly view       '4.0.0-alpha.1': '2018-05-13T18:48:35.137Z',
14 silly view       '4.0.1': '2018-05-13T20:27:37.573Z',
14 silly view       '4.1.0': '2018-06-03T19:02:07.244Z',
14 silly view       '4.2.0': '2018-06-28T05:22:01.971Z',
14 silly view       '4.2.1': '2018-07-14T15:47:00.485Z',
14 silly view       '4.3.0': '2019-03-04T06:57:09.883Z',
14 silly view       '4.4.0': '2019-03-06T05:56:15.627Z',
14 silly view       '4.5.0': '2019-03-24T21:07:02.432Z',
14 silly view       '4.6.0-alpha.0': '2019-12-22T22:21:39.727Z',
14 silly view       '4.6.0': '2019-12-30T12:18:41.597Z',
14 silly view       '4.7.0': '2019-12-30T12:36:31.803Z',
14 silly view       '4.8.0': '2020-01-12T18:52:17.521Z',
14 silly view       '4.9.0': '2020-05-25T19:38:13.803Z',
14 silly view       '4.10.0': '2021-04-13T16:01:52.579Z',
14 silly view       '4.10.1': '2021-12-13T15:15:43.579Z',
14 silly view       '4.11.0': '2024-02-07T02:07:26.103Z',
14 silly view       '5.0.1': '2024-03-01T17:20:41.681Z',
14 silly view       '5.1.0': '2024-03-20T14:01:31.695Z'
14 silly view     },
14 silly view     license: 'MIT',
14 silly view     readmeFilename: 'README.md',
14 silly view     homepage: 'https://github.com/neovim/node-client',
14 silly view     keywords: [
14 silly view       'neovim',
14 silly view       'neovim-client',
14 silly view       'node-host',
14 silly view       'node-client',
14 silly view       'nvim',
14 silly view       'nvim-client',
14 silly view       'vim'
14 silly view     ],
14 silly view     repository: {
14 silly view       type: 'git',
14 silly view       url: 'git+https://github.com/neovim/node-client.git'
14 silly view     },
14 silly view     bugs: { url: 'https://github.com/neovim/node-client/issues' },
14 silly view     users: {},
14 silly view     _contentLength: 0,
14 silly view     version: '5.1.0',
14 silly view     authors: [ [Object], [Object], [Object], [Object], [Object] ],
14 silly view     bin: { 'neovim-node-host': 'bin/cli.js' },
14 silly view     main: './lib/index',
14 silly view     typings: './lib/index',
14 silly view     engines: { node: '>=10' },
14 silly view     dependencies: { '@msgpack/msgpack': '^2.8.0', winston: '3.11.0' },
14 silly view     devDependencies: {
14 silly view       '@babel/core': '^7.23.9',
14 silly view       '@babel/plugin-proposal-class-properties': '^7.18.6',
14 silly view       '@babel/preset-env': '^7.23.9',
14 silly view       '@babel/preset-typescript': '^7.23.3',
14 silly view       '@types/jest': '^29.5.12',
14 silly view       '@types/node': '16.9.x',
14 silly view       'babel-jest': '^29.7.0',
14 silly view       jest: '^29.7.0',
14 silly view       'jest-haste-map': '^29.7.0',
14 silly view       'jest-resolve': '^29.6.1',
14 silly view       typedoc: '^0.25.7',
14 silly view       typescript: '^5.3.3'
14 silly view     },
14 silly view     scripts: {
14 silly view       doc: "typedoc --out doc --exclude '**/*.test.ts' src",
14 silly view       prepublishOnly: 'npm run build',
14 silly view       test: 'jest',
14 silly view       'test-build': 'npm test --runInBand --coverage',
14 silly view       'test-staged': 'npm test --bail --no-cache --findRelatedTests',
14 silly view       'test-missing-apis': 'npm run build && node scripts/findMissingApi',
14 silly view       precommit: 'lint-staged',
14 silly view       build: 'tsc --pretty',
14 silly view       dev: 'npm run build --watch true'
14 silly view     },
14 silly view     jest: {
14 silly view       moduleFileExtensions: [Array],
14 silly view       setupFilesAfterEnv: [Array],
14 silly view       testEnvironment: 'node',
14 silly view       testRegex: '(/__tests__/.*|(\\.|/)(test|spec))\\.ts$',
14 silly view       coverageDirectory: './coverage/',
14 silly view       collectCoverage: true,
14 silly view       coverageReporters: [Array],
14 silly view       testEnvironmentOptions: [Object]
14 silly view     },
14 silly view     gitHead: '43fb7aff04a7f441209aa0ae3966f2e5ba04cf3a',
14 silly view     _nodeVersion: '21.6.2',
14 silly view     _npmVersion: '10.2.4',
14 silly view     dist: {
14 silly view       integrity: 'sha512-9eTxqknziWkN8CBOx1SKdK+0Dfp1NHKHKyJaeOYu+x6qjaV9z3hB211wKhLaFGtyYmGZxVaIe1aLtvuTHmuZTA==',
14 silly view       shasum: 'cffddd293c16b0b386596c8c50bbc5f4a5b0a246',
14 silly view       tarball: 'https://registry.npmjs.org/neovim/-/neovim-5.1.0.tgz',
14 silly view       fileCount: 79,
14 silly view       unpackedSize: 182962,
14 silly view       signatures: [Array]
14 silly view     },
14 silly view     _npmUser: { name: 'justinmk', email: 'justinkz@gmail.com' },
14 silly view     directories: {},
14 silly view     _npmOperationalInternal: {
14 silly view       host: 's3://npm-registry-packages',
14 silly view       tmp: 'tmp/neovim_5.1.0_1710943291493_0.6462941538084401'
14 silly view     },
14 silly view     _hasShrinkwrap: false
14 silly view   }
14 silly view }
15 verbose exit 0
16 info ok
