28837 : 2024-05-06 16:22:45,545 : INFO : telemetry.main : Attempt start. Configuration directory [/Users/fschlegelone/.azure].
28837 : 2024-05-06 16:22:45,545 : DEBUG : telemetry.note : acquiring lock
28837 : 2024-05-06 16:22:45,545 : DEBUG : telemetry.note : acquired lock
28837 : 2024-05-06 16:22:45,545 : INFO : telemetry.note : Update the note mtime to 2024-05-06 16:22:45.545593
28837 : 2024-05-06 16:22:45,545 : WARNING : telemetry.note : Fail to parse or read the timestamp 'N/A' in the note file. Set the last send time to minimal. Reason: not readable
28837 : 2024-05-06 16:22:45,545 : INFO : telemetry.records : 1 cache files to move.
28837 : 2024-05-06 16:22:45,545 : INFO : telemetry.records : Create temp folder /var/folders/t8/nh9c_yvx5qjb_4xrv8gzlthc0000gn/T/tmpuvppbh81
28837 : 2024-05-06 16:22:45,545 : INFO : telemetry.records : Move file /Users/fschlegelone/.azure/telemetry/cache to /var/folders/t8/nh9c_yvx5qjb_4xrv8gzlthc0000gn/T/tmpuvppbh81/cache
28837 : 2024-05-06 16:22:45,548 : INFO : telemetry.records : Processed file /var/folders/t8/nh9c_yvx5qjb_4xrv8gzlthc0000gn/T/tmpuvppbh81/cache into 1 records.
28837 : 2024-05-06 16:22:45,548 : INFO : telemetry.records : Remove directory /var/folders/t8/nh9c_yvx5qjb_4xrv8gzlthc0000gn/T/tmpuvppbh81
28837 : 2024-05-06 16:22:45,548 : INFO : telemetry.client : Accumulated 1 events. Flush the clients.
28837 : 2024-05-06 16:22:45,548 : INFO : telemetry.client : Flush client c4395b75-49cc-422c-bc95-c7d51aef5d46.
28837 : 2024-05-06 16:22:45,859 : INFO : telemetry.sender : Sending 3941 bytes
28837 : 2024-05-06 16:22:45,859 : INFO : telemetry.sender : Finish uploading in 0.310491 seconds.
28837 : 2024-05-06 16:22:45,859 : INFO : telemetry.note : Update the last send in note to 2024-05-06 16:22:45
28837 : 2024-05-06 16:22:45,859 : INFO : telemetry.note : Update the note mtime to 2024-05-06 16:22:45.859891
28864 : 2024-05-06 16:23:19,999 : INFO : telemetry.main : Attempt start. Configuration directory [/Users/fschlegelone/.azure].
28864 : 2024-05-06 16:23:19,999 : DEBUG : telemetry.note : acquiring lock
28864 : 2024-05-06 16:23:19,999 : DEBUG : telemetry.note : acquired lock
28864 : 2024-05-06 16:23:19,999 : INFO : telemetry.note : Update the note mtime to 2024-05-06 16:23:19.999416
28864 : 2024-05-06 16:23:19,999 : INFO : telemetry.note : Read timestamp from the note. The last send was 2024-05-06 16:22:45.
28864 : 2024-05-06 16:23:20,000 : INFO : telemetry.records : 1 cache files to move.
28864 : 2024-05-06 16:23:20,000 : INFO : telemetry.records : Create temp folder /var/folders/t8/nh9c_yvx5qjb_4xrv8gzlthc0000gn/T/tmp_b0hgvo_
28864 : 2024-05-06 16:23:20,000 : INFO : telemetry.records : Move file /Users/fschlegelone/.azure/telemetry/cache to /var/folders/t8/nh9c_yvx5qjb_4xrv8gzlthc0000gn/T/tmp_b0hgvo_/cache
28864 : 2024-05-06 16:23:20,000 : INFO : telemetry.records : Processed file /var/folders/t8/nh9c_yvx5qjb_4xrv8gzlthc0000gn/T/tmp_b0hgvo_/cache into 1 records.
28864 : 2024-05-06 16:23:20,000 : INFO : telemetry.records : Remove directory /var/folders/t8/nh9c_yvx5qjb_4xrv8gzlthc0000gn/T/tmp_b0hgvo_
28864 : 2024-05-06 16:23:20,000 : INFO : telemetry.client : Accumulated 1 events. Flush the clients.
28864 : 2024-05-06 16:23:20,000 : INFO : telemetry.client : Flush client c4395b75-49cc-422c-bc95-c7d51aef5d46.
28864 : 2024-05-06 16:23:20,369 : INFO : telemetry.sender : Sending 3951 bytes
28864 : 2024-05-06 16:23:20,369 : INFO : telemetry.sender : Finish uploading in 0.368714 seconds.
28864 : 2024-05-06 16:23:20,369 : INFO : telemetry.note : Update the last send in note to 2024-05-06 16:23:19
28864 : 2024-05-06 16:23:20,369 : INFO : telemetry.note : Update the note mtime to 2024-05-06 16:23:20.369573
28885 : 2024-05-06 16:23:30,809 : INFO : telemetry.main : Attempt start. Configuration directory [/Users/fschlegelone/.azure].
28885 : 2024-05-06 16:23:30,809 : DEBUG : telemetry.note : acquiring lock
28885 : 2024-05-06 16:23:30,809 : DEBUG : telemetry.note : acquired lock
28885 : 2024-05-06 16:23:30,809 : INFO : telemetry.note : Update the note mtime to 2024-05-06 16:23:30.809802
28885 : 2024-05-06 16:23:30,810 : INFO : telemetry.note : Read timestamp from the note. The last send was 2024-05-06 16:23:19.
28885 : 2024-05-06 16:23:30,810 : INFO : telemetry.records : 1 cache files to move.
28885 : 2024-05-06 16:23:30,810 : INFO : telemetry.records : Create temp folder /var/folders/t8/nh9c_yvx5qjb_4xrv8gzlthc0000gn/T/tmps5kibz04
28885 : 2024-05-06 16:23:30,810 : INFO : telemetry.records : Move file /Users/fschlegelone/.azure/telemetry/cache to /var/folders/t8/nh9c_yvx5qjb_4xrv8gzlthc0000gn/T/tmps5kibz04/cache
28885 : 2024-05-06 16:23:30,810 : INFO : telemetry.records : Processed file /var/folders/t8/nh9c_yvx5qjb_4xrv8gzlthc0000gn/T/tmps5kibz04/cache into 2 records.
28885 : 2024-05-06 16:23:30,810 : INFO : telemetry.records : Remove directory /var/folders/t8/nh9c_yvx5qjb_4xrv8gzlthc0000gn/T/tmps5kibz04
28885 : 2024-05-06 16:23:30,811 : INFO : telemetry.client : Accumulated 2 events. Flush the clients.
28885 : 2024-05-06 16:23:30,811 : INFO : telemetry.client : Flush client c4395b75-49cc-422c-bc95-c7d51aef5d46.
28890 : 2024-05-06 16:23:30,846 : INFO : telemetry.main : Attempt start. Configuration directory [/Users/fschlegelone/.azure].
28890 : 2024-05-06 16:23:30,846 : DEBUG : telemetry.note : acquiring lock
28890 : 2024-05-06 16:23:30,846 : INFO : telemetry.main : Lock out from note file under /Users/fschlegelone/.azure which means another process is running. Exit 0.
28885 : 2024-05-06 16:23:31,516 : INFO : telemetry.sender : Sending 7894 bytes
28885 : 2024-05-06 16:23:31,517 : INFO : telemetry.sender : Finish uploading in 0.705987 seconds.
28885 : 2024-05-06 16:23:31,517 : INFO : telemetry.note : Update the last send in note to 2024-05-06 16:23:30
28885 : 2024-05-06 16:23:31,518 : INFO : telemetry.note : Update the note mtime to 2024-05-06 16:23:31.518064
28915 : 2024-05-06 16:23:35,120 : INFO : telemetry.main : Attempt start. Configuration directory [/Users/fschlegelone/.azure].
28915 : 2024-05-06 16:23:35,120 : DEBUG : telemetry.note : acquiring lock
28915 : 2024-05-06 16:23:35,120 : DEBUG : telemetry.note : acquired lock
28915 : 2024-05-06 16:23:35,120 : INFO : telemetry.note : Update the note mtime to 2024-05-06 16:23:35.120432
28915 : 2024-05-06 16:23:35,120 : INFO : telemetry.note : Read timestamp from the note. The last send was 2024-05-06 16:23:30.
28915 : 2024-05-06 16:23:35,121 : INFO : telemetry.records : 1 cache files to move.
28915 : 2024-05-06 16:23:35,121 : INFO : telemetry.records : Create temp folder /var/folders/t8/nh9c_yvx5qjb_4xrv8gzlthc0000gn/T/tmpf2abavx4
28915 : 2024-05-06 16:23:35,121 : INFO : telemetry.records : Move file /Users/fschlegelone/.azure/telemetry/cache to /var/folders/t8/nh9c_yvx5qjb_4xrv8gzlthc0000gn/T/tmpf2abavx4/cache
28915 : 2024-05-06 16:23:35,121 : INFO : telemetry.records : Processed file /var/folders/t8/nh9c_yvx5qjb_4xrv8gzlthc0000gn/T/tmpf2abavx4/cache into 2 records.
28915 : 2024-05-06 16:23:35,121 : INFO : telemetry.records : Remove directory /var/folders/t8/nh9c_yvx5qjb_4xrv8gzlthc0000gn/T/tmpf2abavx4
28915 : 2024-05-06 16:23:35,121 : INFO : telemetry.client : Accumulated 2 events. Flush the clients.
28915 : 2024-05-06 16:23:35,121 : INFO : telemetry.client : Flush client c4395b75-49cc-422c-bc95-c7d51aef5d46.
28920 : 2024-05-06 16:23:35,157 : INFO : telemetry.main : Attempt start. Configuration directory [/Users/fschlegelone/.azure].
28920 : 2024-05-06 16:23:35,157 : DEBUG : telemetry.note : acquiring lock
28920 : 2024-05-06 16:23:35,157 : INFO : telemetry.main : Lock out from note file under /Users/fschlegelone/.azure which means another process is running. Exit 0.
28915 : 2024-05-06 16:23:35,370 : INFO : telemetry.sender : Sending 7894 bytes
28915 : 2024-05-06 16:23:35,371 : INFO : telemetry.sender : Finish uploading in 0.249289 seconds.
28915 : 2024-05-06 16:23:35,371 : INFO : telemetry.note : Update the last send in note to 2024-05-06 16:23:35
28915 : 2024-05-06 16:23:35,371 : INFO : telemetry.note : Update the note mtime to 2024-05-06 16:23:35.371503
28933 : 2024-05-06 16:23:50,496 : INFO : telemetry.main : Attempt start. Configuration directory [/Users/fschlegelone/.azure].
28933 : 2024-05-06 16:23:50,496 : DEBUG : telemetry.note : acquiring lock
28933 : 2024-05-06 16:23:50,496 : DEBUG : telemetry.note : acquired lock
28933 : 2024-05-06 16:23:50,496 : INFO : telemetry.note : Update the note mtime to 2024-05-06 16:23:50.496287
28933 : 2024-05-06 16:23:50,496 : INFO : telemetry.note : Read timestamp from the note. The last send was 2024-05-06 16:23:35.
28933 : 2024-05-06 16:23:50,496 : INFO : telemetry.records : 1 cache files to move.
28933 : 2024-05-06 16:23:50,496 : INFO : telemetry.records : Create temp folder /var/folders/t8/nh9c_yvx5qjb_4xrv8gzlthc0000gn/T/tmp4mg6hwvh
28933 : 2024-05-06 16:23:50,496 : INFO : telemetry.records : Move file /Users/fschlegelone/.azure/telemetry/cache to /var/folders/t8/nh9c_yvx5qjb_4xrv8gzlthc0000gn/T/tmp4mg6hwvh/cache
28933 : 2024-05-06 16:23:50,497 : INFO : telemetry.records : Processed file /var/folders/t8/nh9c_yvx5qjb_4xrv8gzlthc0000gn/T/tmp4mg6hwvh/cache into 1 records.
28933 : 2024-05-06 16:23:50,497 : INFO : telemetry.records : Remove directory /var/folders/t8/nh9c_yvx5qjb_4xrv8gzlthc0000gn/T/tmp4mg6hwvh
28933 : 2024-05-06 16:23:50,497 : INFO : telemetry.client : Accumulated 1 events. Flush the clients.
28933 : 2024-05-06 16:23:50,497 : INFO : telemetry.client : Flush client c4395b75-49cc-422c-bc95-c7d51aef5d46.
28933 : 2024-05-06 16:23:50,784 : INFO : telemetry.sender : Sending 3986 bytes
28933 : 2024-05-06 16:23:50,785 : INFO : telemetry.sender : Finish uploading in 0.287610 seconds.
28933 : 2024-05-06 16:23:50,785 : INFO : telemetry.note : Update the last send in note to 2024-05-06 16:23:50
28933 : 2024-05-06 16:23:50,785 : INFO : telemetry.note : Update the note mtime to 2024-05-06 16:23:50.785627
28952 : 2024-05-06 16:23:55,109 : INFO : telemetry.main : Attempt start. Configuration directory [/Users/fschlegelone/.azure].
28952 : 2024-05-06 16:23:55,109 : DEBUG : telemetry.note : acquiring lock
28952 : 2024-05-06 16:23:55,109 : DEBUG : telemetry.note : acquired lock
28952 : 2024-05-06 16:23:55,109 : INFO : telemetry.note : Update the note mtime to 2024-05-06 16:23:55.109290
28952 : 2024-05-06 16:23:55,109 : INFO : telemetry.note : Read timestamp from the note. The last send was 2024-05-06 16:23:50.
28952 : 2024-05-06 16:23:55,109 : INFO : telemetry.records : 1 cache files to move.
28952 : 2024-05-06 16:23:55,109 : INFO : telemetry.records : Create temp folder /var/folders/t8/nh9c_yvx5qjb_4xrv8gzlthc0000gn/T/tmp78tztzq0
28952 : 2024-05-06 16:23:55,109 : INFO : telemetry.records : Move file /Users/fschlegelone/.azure/telemetry/cache to /var/folders/t8/nh9c_yvx5qjb_4xrv8gzlthc0000gn/T/tmp78tztzq0/cache
28952 : 2024-05-06 16:23:55,110 : INFO : telemetry.records : Processed file /var/folders/t8/nh9c_yvx5qjb_4xrv8gzlthc0000gn/T/tmp78tztzq0/cache into 1 records.
28952 : 2024-05-06 16:23:55,110 : INFO : telemetry.records : Remove directory /var/folders/t8/nh9c_yvx5qjb_4xrv8gzlthc0000gn/T/tmp78tztzq0
28952 : 2024-05-06 16:23:55,110 : DEBUG : telemetry.client : Fail to parse data {"c4395b75-49cc-422c-bc95-c7d51aef5d46": [{"name": "azurecli/command", "properties": {"Reserved.DataModel.EntityType": "UserTask", "Reserved.DataModel.Action.Type": "Atomic", "Reserved.DataModel.Action.Result": "UserFault", "Reserved.DataModel.Action.ResultSummary": "the following arguments are required: _subcommand", "Reserved.ChannelUsed": "AI", "Reserved.EventId": "1e05b6fe-17f1-41ca-a65c-dfcc75591aa4", "Reserved.SequenceNumber": 1, "Reserved.SessionId": "bfba34eeb551885767af44b322e15004dfa0ceecf1d03f0db0dd182517760247", "Reserved.TimeSinceSessionStart": 0, "Reserved.DataModel.Source": "DataModelAPI", "Reserved.DataModel.EntitySchemaVersion": 4, "Reserved.DataModel.Severity": 0, "Reserved.DataModel.ProductName": "azurecli", "Reserved.DataModel.FeatureName": "command", "Reserved.DataModel.EntityName": "executeunknowncommand", "Reserved.DataModel.CorrelationId": "6acaced1-d597-430b-ae8c-e759f297541f", "Context.Default.VS.Core.ExeName": "azurecli", "Context.Default.VS.Core.ExeVersion": "2.60.0@none", "Context.Default.VS.Core.MacAddressHash": "61526c6bd4ed89b11dbb9dadac3f91645bbaab3460a698415cfde6d6f93901dc", "Context.Default.VS.Core.Machine.Id": "61526c6b-d4ed-89b1-1dbb-9dadac3f9164", "Context.Default.VS.Core.OS.Type": "darwin", "Context.Default.VS.Core.OS.Version": "darwin kernel version 23.4.0: fri mar 15 00:12:25 pdt 2024; root:xnu-10063.101.17~1/release_arm64_t6030", "Context.Default.VS.Core.OS.Platform": "macos-14.4.1-arm64-arm-64bit", "Context.Default.VS.Core.Distro.Name": "Darwin 23.4.0", "Context.Default.VS.Core.Distro.Id": "darwin", "Context.Default.VS.Core.Distro.Version": "23.4.0", "Context.Dafault.VS.Core.Istty": "True", "Context.Default.VS.Core.User.Id": "1b73d27a-0bb4-11ef-9bc0-aa744e00b68c", "Context.Default.VS.Core.User.IsMicrosoftInternal": "False", "Context.Default.VS.Core.User.IsOptedIn": "True", "Context.Default.VS.Core.TelemetryApi.ProductVersion": "azurecli@2.60.0", "Context.Default.AzureCLI.Source": "az", "Context.Default.AzureCLI.ClientRequestId": "44b2cd62-0bb4-11ef-8314-aa744e00b68c", "Context.Default.AzureCLI.UserAgent": "AZURECLI/2.60.0 (HOMEBREW)", "Context.Default.AzureCLI.CoreVersion": "2.60.0", "Context.Default.AzureCLI.TelemetryVersion": "2.0", "Context.Default.AzureCLI.InstallationId": "1b73d27a-0bb4-11ef-9bc0-aa744e00b68c", "Context.Default.AzureCLI.ShellType": "/opt/homebrew/bin/zsh", "Context.Default.AzureCLI.UserAzureId": "", "Context.Default.AzureCLI.DefaultOutputType": "unknown", "Context.Default.AzureCLI.EnvironmentVariables": "[]", "Context.Default.AzureCLI.Locale": "None,UTF-8", "Context.Default.AzureCLI.StartTime": "2024-05-06 14:23:54.635593", "Context.Default.AzureCLI.EndTime": "2024-05-06 14:23:55.027468", "Context.Default.AzureCLI.InitTimeElapsed": "0.042086", "Context.Default.AzureCLI.InvokeTimeElapsed": "0.391149", "Context.Default.AzureCLI.OutputType": "none", "Context.Default.AzureCLI.RawCommand": "config", "Context.Default.AzureCLI.Params": "", "Context.Default.AzureCLI.PythonVersion": "3.11.9", "Context.Default.AzureCLI.Mode": "default", "Context.Default.AzureCLI.Installer": "HOMEBREW", "Context.Default.AzureCLI.error_type": "RequiredArgumentMissingError", "Context.Default.AzureCLI.exception_name": "None", "Context.Default.AzureCLI.debug_info": "AladdinResponseTime: 0.310839,AladdinRecommendCommand: az configure --defaults vm='' web='';az config get", "Context.Default.AzureCLI.PollStartTime": "None", "Context.Default.AzureCLI.PollEndTime": "None", "Context.Default.AzureCLI.CloudName": "AzureCloud", "Context.Default.AzureCLI.ShowSurveyMessage": "False", "Context.Default.AzureCLI.EnableBrokerOnWindows": "None", "Context.Default.AzureCLI.SecretsDetected": "None", "Context.Default.AzureCLI.SecretKeys": ""}}]}
 to JSON. Reason Expecting ',' delimiter: line 1 column 3342 (char 3341).
28952 : 2024-05-06 16:23:55,110 : INFO : telemetry.client : Accumulated 0 events. Flush the clients.
28952 : 2024-05-06 16:23:55,110 : INFO : telemetry.note : Update the last send in note to 2024-05-06 16:23:55
28952 : 2024-05-06 16:23:55,110 : INFO : telemetry.note : Update the note mtime to 2024-05-06 16:23:55.110298
28966 : 2024-05-06 16:23:59,391 : INFO : telemetry.main : Attempt start. Configuration directory [/Users/fschlegelone/.azure].
28966 : 2024-05-06 16:23:59,391 : DEBUG : telemetry.note : acquiring lock
28966 : 2024-05-06 16:23:59,391 : DEBUG : telemetry.note : acquired lock
28966 : 2024-05-06 16:23:59,391 : INFO : telemetry.note : Update the note mtime to 2024-05-06 16:23:59.391258
28966 : 2024-05-06 16:23:59,391 : INFO : telemetry.note : Read timestamp from the note. The last send was 2024-05-06 16:23:55.
28966 : 2024-05-06 16:23:59,391 : INFO : telemetry.records : 1 cache files to move.
28966 : 2024-05-06 16:23:59,391 : INFO : telemetry.records : Create temp folder /var/folders/t8/nh9c_yvx5qjb_4xrv8gzlthc0000gn/T/tmpzixow6pj
28966 : 2024-05-06 16:23:59,391 : INFO : telemetry.records : Move file /Users/fschlegelone/.azure/telemetry/cache to /var/folders/t8/nh9c_yvx5qjb_4xrv8gzlthc0000gn/T/tmpzixow6pj/cache
28966 : 2024-05-06 16:23:59,392 : INFO : telemetry.records : Processed file /var/folders/t8/nh9c_yvx5qjb_4xrv8gzlthc0000gn/T/tmpzixow6pj/cache into 1 records.
28966 : 2024-05-06 16:23:59,392 : INFO : telemetry.records : Remove directory /var/folders/t8/nh9c_yvx5qjb_4xrv8gzlthc0000gn/T/tmpzixow6pj
28966 : 2024-05-06 16:23:59,392 : INFO : telemetry.client : Accumulated 1 events. Flush the clients.
28966 : 2024-05-06 16:23:59,392 : INFO : telemetry.client : Flush client c4395b75-49cc-422c-bc95-c7d51aef5d46.
28966 : 2024-05-06 16:23:59,682 : INFO : telemetry.sender : Sending 3952 bytes
28966 : 2024-05-06 16:23:59,683 : INFO : telemetry.sender : Finish uploading in 0.290592 seconds.
28966 : 2024-05-06 16:23:59,683 : INFO : telemetry.note : Update the last send in note to 2024-05-06 16:23:59
28966 : 2024-05-06 16:23:59,684 : INFO : telemetry.note : Update the note mtime to 2024-05-06 16:23:59.683907
29046 : 2024-05-06 16:25:28,721 : INFO : telemetry.main : Attempt start. Configuration directory [/Users/fschlegelone/.azure].
29046 : 2024-05-06 16:25:28,721 : DEBUG : telemetry.note : acquiring lock
29046 : 2024-05-06 16:25:28,721 : DEBUG : telemetry.note : acquired lock
29046 : 2024-05-06 16:25:28,721 : INFO : telemetry.note : Update the note mtime to 2024-05-06 16:25:28.721394
29046 : 2024-05-06 16:25:28,721 : INFO : telemetry.note : Read timestamp from the note. The last send was 2024-05-06 16:23:59.
29046 : 2024-05-06 16:25:28,721 : INFO : telemetry.records : 1 cache files to move.
29046 : 2024-05-06 16:25:28,722 : INFO : telemetry.records : Create temp folder /var/folders/t8/nh9c_yvx5qjb_4xrv8gzlthc0000gn/T/tmpd9f3lmp4
29046 : 2024-05-06 16:25:28,722 : INFO : telemetry.records : Move file /Users/fschlegelone/.azure/telemetry/cache to /var/folders/t8/nh9c_yvx5qjb_4xrv8gzlthc0000gn/T/tmpd9f3lmp4/cache
29046 : 2024-05-06 16:25:28,722 : INFO : telemetry.records : Processed file /var/folders/t8/nh9c_yvx5qjb_4xrv8gzlthc0000gn/T/tmpd9f3lmp4/cache into 1 records.
29046 : 2024-05-06 16:25:28,722 : INFO : telemetry.records : Remove directory /var/folders/t8/nh9c_yvx5qjb_4xrv8gzlthc0000gn/T/tmpd9f3lmp4
29046 : 2024-05-06 16:25:28,722 : INFO : telemetry.client : Accumulated 1 events. Flush the clients.
29046 : 2024-05-06 16:25:28,722 : INFO : telemetry.client : Flush client c4395b75-49cc-422c-bc95-c7d51aef5d46.
29046 : 2024-05-06 16:25:29,025 : INFO : telemetry.sender : Sending 4169 bytes
29046 : 2024-05-06 16:25:29,026 : INFO : telemetry.sender : Finish uploading in 0.303462 seconds.
29046 : 2024-05-06 16:25:29,026 : INFO : telemetry.note : Update the last send in note to 2024-05-06 16:25:28
29046 : 2024-05-06 16:25:29,027 : INFO : telemetry.note : Update the note mtime to 2024-05-06 16:25:29.027019
29112 : 2024-05-06 16:26:57,320 : INFO : telemetry.main : Attempt start. Configuration directory [/Users/fschlegelone/.azure].
29112 : 2024-05-06 16:26:57,320 : DEBUG : telemetry.note : acquiring lock
29112 : 2024-05-06 16:26:57,320 : DEBUG : telemetry.note : acquired lock
29112 : 2024-05-06 16:26:57,320 : INFO : telemetry.note : Update the note mtime to 2024-05-06 16:26:57.320506
29112 : 2024-05-06 16:26:57,320 : INFO : telemetry.note : Read timestamp from the note. The last send was 2024-05-06 16:25:28.
29112 : 2024-05-06 16:26:57,321 : INFO : telemetry.records : 1 cache files to move.
29112 : 2024-05-06 16:26:57,321 : INFO : telemetry.records : Create temp folder /var/folders/t8/nh9c_yvx5qjb_4xrv8gzlthc0000gn/T/tmpb2tzxngd
29112 : 2024-05-06 16:26:57,321 : INFO : telemetry.records : Move file /Users/fschlegelone/.azure/telemetry/cache to /var/folders/t8/nh9c_yvx5qjb_4xrv8gzlthc0000gn/T/tmpb2tzxngd/cache
29112 : 2024-05-06 16:26:57,321 : INFO : telemetry.records : Processed file /var/folders/t8/nh9c_yvx5qjb_4xrv8gzlthc0000gn/T/tmpb2tzxngd/cache into 1 records.
29112 : 2024-05-06 16:26:57,321 : INFO : telemetry.records : Remove directory /var/folders/t8/nh9c_yvx5qjb_4xrv8gzlthc0000gn/T/tmpb2tzxngd
29112 : 2024-05-06 16:26:57,321 : INFO : telemetry.client : Accumulated 1 events. Flush the clients.
29112 : 2024-05-06 16:26:57,321 : INFO : telemetry.client : Flush client c4395b75-49cc-422c-bc95-c7d51aef5d46.
29112 : 2024-05-06 16:26:57,617 : INFO : telemetry.sender : Sending 4124 bytes
29112 : 2024-05-06 16:26:57,618 : INFO : telemetry.sender : Finish uploading in 0.296585 seconds.
29112 : 2024-05-06 16:26:57,618 : INFO : telemetry.note : Update the last send in note to 2024-05-06 16:26:57
29112 : 2024-05-06 16:26:57,619 : INFO : telemetry.note : Update the note mtime to 2024-05-06 16:26:57.619119
29153 : 2024-05-06 16:27:13,981 : INFO : telemetry.main : Attempt start. Configuration directory [/Users/fschlegelone/.azure].
29153 : 2024-05-06 16:27:13,981 : DEBUG : telemetry.note : acquiring lock
29153 : 2024-05-06 16:27:13,981 : DEBUG : telemetry.note : acquired lock
29153 : 2024-05-06 16:27:13,981 : INFO : telemetry.note : Update the note mtime to 2024-05-06 16:27:13.981581
29153 : 2024-05-06 16:27:13,982 : INFO : telemetry.note : Read timestamp from the note. The last send was 2024-05-06 16:26:57.
29153 : 2024-05-06 16:27:13,982 : INFO : telemetry.records : 1 cache files to move.
29153 : 2024-05-06 16:27:13,982 : INFO : telemetry.records : Create temp folder /var/folders/t8/nh9c_yvx5qjb_4xrv8gzlthc0000gn/T/tmpx0w2bab8
29153 : 2024-05-06 16:27:13,982 : INFO : telemetry.records : Move file /Users/fschlegelone/.azure/telemetry/cache to /var/folders/t8/nh9c_yvx5qjb_4xrv8gzlthc0000gn/T/tmpx0w2bab8/cache
29153 : 2024-05-06 16:27:13,982 : INFO : telemetry.records : Processed file /var/folders/t8/nh9c_yvx5qjb_4xrv8gzlthc0000gn/T/tmpx0w2bab8/cache into 1 records.
29153 : 2024-05-06 16:27:13,982 : INFO : telemetry.records : Remove directory /var/folders/t8/nh9c_yvx5qjb_4xrv8gzlthc0000gn/T/tmpx0w2bab8
29153 : 2024-05-06 16:27:13,982 : INFO : telemetry.client : Accumulated 1 events. Flush the clients.
29153 : 2024-05-06 16:27:13,982 : INFO : telemetry.client : Flush client c4395b75-49cc-422c-bc95-c7d51aef5d46.
29153 : 2024-05-06 16:27:14,247 : INFO : telemetry.sender : Sending 4188 bytes
29153 : 2024-05-06 16:27:14,248 : INFO : telemetry.sender : Finish uploading in 0.265162 seconds.
29153 : 2024-05-06 16:27:14,248 : INFO : telemetry.note : Update the last send in note to 2024-05-06 16:27:13
29153 : 2024-05-06 16:27:14,248 : INFO : telemetry.note : Update the note mtime to 2024-05-06 16:27:14.248802
29174 : 2024-05-06 16:28:55,133 : INFO : telemetry.main : Attempt start. Configuration directory [/Users/fschlegelone/.azure].
29174 : 2024-05-06 16:28:55,133 : DEBUG : telemetry.note : acquiring lock
29174 : 2024-05-06 16:28:55,133 : DEBUG : telemetry.note : acquired lock
29174 : 2024-05-06 16:28:55,133 : INFO : telemetry.note : Update the note mtime to 2024-05-06 16:28:55.133906
29174 : 2024-05-06 16:28:55,134 : INFO : telemetry.note : Read timestamp from the note. The last send was 2024-05-06 16:27:13.
29174 : 2024-05-06 16:28:55,134 : INFO : telemetry.records : 1 cache files to move.
29174 : 2024-05-06 16:28:55,134 : INFO : telemetry.records : Create temp folder /var/folders/t8/nh9c_yvx5qjb_4xrv8gzlthc0000gn/T/tmpj19cvt7u
29174 : 2024-05-06 16:28:55,134 : INFO : telemetry.records : Move file /Users/fschlegelone/.azure/telemetry/cache to /var/folders/t8/nh9c_yvx5qjb_4xrv8gzlthc0000gn/T/tmpj19cvt7u/cache
29174 : 2024-05-06 16:28:55,134 : INFO : telemetry.records : Processed file /var/folders/t8/nh9c_yvx5qjb_4xrv8gzlthc0000gn/T/tmpj19cvt7u/cache into 1 records.
29174 : 2024-05-06 16:28:55,135 : INFO : telemetry.records : Remove directory /var/folders/t8/nh9c_yvx5qjb_4xrv8gzlthc0000gn/T/tmpj19cvt7u
29174 : 2024-05-06 16:28:55,135 : INFO : telemetry.client : Accumulated 1 events. Flush the clients.
29174 : 2024-05-06 16:28:55,135 : INFO : telemetry.client : Flush client c4395b75-49cc-422c-bc95-c7d51aef5d46.
29174 : 2024-05-06 16:28:55,422 : INFO : telemetry.sender : Sending 4356 bytes
29174 : 2024-05-06 16:28:55,422 : INFO : telemetry.sender : Finish uploading in 0.287327 seconds.
29174 : 2024-05-06 16:28:55,423 : INFO : telemetry.note : Update the last send in note to 2024-05-06 16:28:55
29174 : 2024-05-06 16:28:55,423 : INFO : telemetry.note : Update the note mtime to 2024-05-06 16:28:55.423400
29219 : 2024-05-06 16:31:05,412 : INFO : telemetry.main : Attempt start. Configuration directory [/Users/fschlegelone/.azure].
29219 : 2024-05-06 16:31:05,412 : DEBUG : telemetry.note : acquiring lock
29219 : 2024-05-06 16:31:05,412 : DEBUG : telemetry.note : acquired lock
29219 : 2024-05-06 16:31:05,412 : INFO : telemetry.note : Update the note mtime to 2024-05-06 16:31:05.412921
29219 : 2024-05-06 16:31:05,413 : INFO : telemetry.note : Read timestamp from the note. The last send was 2024-05-06 16:28:55.
29219 : 2024-05-06 16:31:05,413 : INFO : telemetry.records : 1 cache files to move.
29219 : 2024-05-06 16:31:05,413 : INFO : telemetry.records : Create temp folder /var/folders/t8/nh9c_yvx5qjb_4xrv8gzlthc0000gn/T/tmp0xycg490
29219 : 2024-05-06 16:31:05,413 : INFO : telemetry.records : Move file /Users/fschlegelone/.azure/telemetry/cache to /var/folders/t8/nh9c_yvx5qjb_4xrv8gzlthc0000gn/T/tmp0xycg490/cache
29219 : 2024-05-06 16:31:05,413 : INFO : telemetry.records : Processed file /var/folders/t8/nh9c_yvx5qjb_4xrv8gzlthc0000gn/T/tmp0xycg490/cache into 1 records.
29219 : 2024-05-06 16:31:05,414 : INFO : telemetry.records : Remove directory /var/folders/t8/nh9c_yvx5qjb_4xrv8gzlthc0000gn/T/tmp0xycg490
29219 : 2024-05-06 16:31:05,414 : INFO : telemetry.client : Accumulated 1 events. Flush the clients.
29219 : 2024-05-06 16:31:05,414 : INFO : telemetry.client : Flush client c4395b75-49cc-422c-bc95-c7d51aef5d46.
29219 : 2024-05-06 16:31:05,724 : INFO : telemetry.sender : Sending 4323 bytes
29219 : 2024-05-06 16:31:05,724 : INFO : telemetry.sender : Finish uploading in 0.310283 seconds.
29219 : 2024-05-06 16:31:05,725 : INFO : telemetry.note : Update the last send in note to 2024-05-06 16:31:05
29219 : 2024-05-06 16:31:05,725 : INFO : telemetry.note : Update the note mtime to 2024-05-06 16:31:05.725273
12656 : 2024-05-07 11:39:32,645 : INFO : telemetry.main : Attempt start. Configuration directory [/Users/fschlegelone/.azure].
12656 : 2024-05-07 11:39:32,646 : DEBUG : telemetry.note : acquiring lock
12656 : 2024-05-07 11:39:32,646 : DEBUG : telemetry.note : acquired lock
12656 : 2024-05-07 11:39:32,646 : INFO : telemetry.note : Update the note mtime to 2024-05-07 11:39:32.646243
12656 : 2024-05-07 11:39:32,646 : INFO : telemetry.note : Read timestamp from the note. The last send was 2024-05-06 16:31:05.
12656 : 2024-05-07 11:39:32,647 : INFO : telemetry.records : 1 cache files to move.
12656 : 2024-05-07 11:39:32,647 : INFO : telemetry.records : Create temp folder /var/folders/t8/nh9c_yvx5qjb_4xrv8gzlthc0000gn/T/tmpmwuwqw0q
12656 : 2024-05-07 11:39:32,647 : INFO : telemetry.records : Move file /Users/fschlegelone/.azure/telemetry/cache to /var/folders/t8/nh9c_yvx5qjb_4xrv8gzlthc0000gn/T/tmpmwuwqw0q/cache
12656 : 2024-05-07 11:39:32,647 : INFO : telemetry.records : Processed file /var/folders/t8/nh9c_yvx5qjb_4xrv8gzlthc0000gn/T/tmpmwuwqw0q/cache into 1 records.
12656 : 2024-05-07 11:39:32,647 : INFO : telemetry.records : Remove directory /var/folders/t8/nh9c_yvx5qjb_4xrv8gzlthc0000gn/T/tmpmwuwqw0q
12656 : 2024-05-07 11:39:32,647 : INFO : telemetry.client : Accumulated 1 events. Flush the clients.
12656 : 2024-05-07 11:39:32,647 : INFO : telemetry.client : Flush client c4395b75-49cc-422c-bc95-c7d51aef5d46.
12656 : 2024-05-07 11:39:32,901 : INFO : telemetry.sender : Sending 4966 bytes
12656 : 2024-05-07 11:39:32,902 : INFO : telemetry.sender : Finish uploading in 0.254671 seconds.
12656 : 2024-05-07 11:39:32,902 : INFO : telemetry.note : Update the last send in note to 2024-05-07 11:39:32
12656 : 2024-05-07 11:39:32,903 : INFO : telemetry.note : Update the note mtime to 2024-05-07 11:39:32.903052
12706 : 2024-05-07 11:43:06,061 : INFO : telemetry.main : Attempt start. Configuration directory [/Users/fschlegelone/.azure].
12706 : 2024-05-07 11:43:06,062 : DEBUG : telemetry.note : acquiring lock
12706 : 2024-05-07 11:43:06,062 : DEBUG : telemetry.note : acquired lock
12706 : 2024-05-07 11:43:06,062 : INFO : telemetry.note : Update the note mtime to 2024-05-07 11:43:06.062183
12706 : 2024-05-07 11:43:06,062 : INFO : telemetry.note : Read timestamp from the note. The last send was 2024-05-07 11:39:32.
12706 : 2024-05-07 11:43:06,063 : INFO : telemetry.records : 1 cache files to move.
12706 : 2024-05-07 11:43:06,063 : INFO : telemetry.records : Create temp folder /var/folders/t8/nh9c_yvx5qjb_4xrv8gzlthc0000gn/T/tmpd_hmyqjl
12706 : 2024-05-07 11:43:06,063 : INFO : telemetry.records : Move file /Users/fschlegelone/.azure/telemetry/cache to /var/folders/t8/nh9c_yvx5qjb_4xrv8gzlthc0000gn/T/tmpd_hmyqjl/cache
12706 : 2024-05-07 11:43:06,063 : INFO : telemetry.records : Processed file /var/folders/t8/nh9c_yvx5qjb_4xrv8gzlthc0000gn/T/tmpd_hmyqjl/cache into 1 records.
12706 : 2024-05-07 11:43:06,063 : INFO : telemetry.records : Remove directory /var/folders/t8/nh9c_yvx5qjb_4xrv8gzlthc0000gn/T/tmpd_hmyqjl
12706 : 2024-05-07 11:43:06,063 : INFO : telemetry.client : Accumulated 1 events. Flush the clients.
12706 : 2024-05-07 11:43:06,063 : INFO : telemetry.client : Flush client c4395b75-49cc-422c-bc95-c7d51aef5d46.
12706 : 2024-05-07 11:43:06,345 : INFO : telemetry.sender : Sending 4170 bytes
12706 : 2024-05-07 11:43:06,346 : INFO : telemetry.sender : Finish uploading in 0.282294 seconds.
12706 : 2024-05-07 11:43:06,346 : INFO : telemetry.note : Update the last send in note to 2024-05-07 11:43:05
12706 : 2024-05-07 11:43:06,347 : INFO : telemetry.note : Update the note mtime to 2024-05-07 11:43:06.347087
12739 : 2024-05-07 11:45:09,857 : INFO : telemetry.main : Attempt start. Configuration directory [/Users/fschlegelone/.azure].
12739 : 2024-05-07 11:45:09,858 : DEBUG : telemetry.note : acquiring lock
12739 : 2024-05-07 11:45:09,858 : DEBUG : telemetry.note : acquired lock
12739 : 2024-05-07 11:45:09,858 : INFO : telemetry.note : Update the note mtime to 2024-05-07 11:45:09.858266
12739 : 2024-05-07 11:45:09,858 : INFO : telemetry.note : Read timestamp from the note. The last send was 2024-05-07 11:43:05.
12739 : 2024-05-07 11:45:09,859 : INFO : telemetry.records : 1 cache files to move.
12739 : 2024-05-07 11:45:09,859 : INFO : telemetry.records : Create temp folder /var/folders/t8/nh9c_yvx5qjb_4xrv8gzlthc0000gn/T/tmp563zcjjl
12739 : 2024-05-07 11:45:09,859 : INFO : telemetry.records : Move file /Users/fschlegelone/.azure/telemetry/cache to /var/folders/t8/nh9c_yvx5qjb_4xrv8gzlthc0000gn/T/tmp563zcjjl/cache
12739 : 2024-05-07 11:45:09,859 : INFO : telemetry.records : Processed file /var/folders/t8/nh9c_yvx5qjb_4xrv8gzlthc0000gn/T/tmp563zcjjl/cache into 1 records.
12739 : 2024-05-07 11:45:09,859 : INFO : telemetry.records : Remove directory /var/folders/t8/nh9c_yvx5qjb_4xrv8gzlthc0000gn/T/tmp563zcjjl
12739 : 2024-05-07 11:45:09,859 : INFO : telemetry.client : Accumulated 1 events. Flush the clients.
12739 : 2024-05-07 11:45:09,859 : INFO : telemetry.client : Flush client c4395b75-49cc-422c-bc95-c7d51aef5d46.
12739 : 2024-05-07 11:45:10,125 : INFO : telemetry.sender : Sending 4173 bytes
12739 : 2024-05-07 11:45:10,126 : INFO : telemetry.sender : Finish uploading in 0.266621 seconds.
12739 : 2024-05-07 11:45:10,127 : INFO : telemetry.note : Update the last send in note to 2024-05-07 11:45:09
12739 : 2024-05-07 11:45:10,127 : INFO : telemetry.note : Update the note mtime to 2024-05-07 11:45:10.127303
12792 : 2024-05-07 11:48:52,718 : INFO : telemetry.main : Attempt start. Configuration directory [/Users/fschlegelone/.azure].
12792 : 2024-05-07 11:48:52,718 : DEBUG : telemetry.note : acquiring lock
12792 : 2024-05-07 11:48:52,718 : DEBUG : telemetry.note : acquired lock
12792 : 2024-05-07 11:48:52,718 : INFO : telemetry.note : Update the note mtime to 2024-05-07 11:48:52.718750
12792 : 2024-05-07 11:48:52,719 : INFO : telemetry.note : Read timestamp from the note. The last send was 2024-05-07 11:45:09.
12792 : 2024-05-07 11:48:52,719 : INFO : telemetry.records : 1 cache files to move.
12792 : 2024-05-07 11:48:52,719 : INFO : telemetry.records : Create temp folder /var/folders/t8/nh9c_yvx5qjb_4xrv8gzlthc0000gn/T/tmpwq1ejop9
12792 : 2024-05-07 11:48:52,719 : INFO : telemetry.records : Move file /Users/fschlegelone/.azure/telemetry/cache to /var/folders/t8/nh9c_yvx5qjb_4xrv8gzlthc0000gn/T/tmpwq1ejop9/cache
12792 : 2024-05-07 11:48:52,719 : INFO : telemetry.records : Processed file /var/folders/t8/nh9c_yvx5qjb_4xrv8gzlthc0000gn/T/tmpwq1ejop9/cache into 1 records.
12792 : 2024-05-07 11:48:52,719 : INFO : telemetry.records : Remove directory /var/folders/t8/nh9c_yvx5qjb_4xrv8gzlthc0000gn/T/tmpwq1ejop9
12792 : 2024-05-07 11:48:52,720 : INFO : telemetry.client : Accumulated 1 events. Flush the clients.
12792 : 2024-05-07 11:48:52,720 : INFO : telemetry.client : Flush client c4395b75-49cc-422c-bc95-c7d51aef5d46.
12792 : 2024-05-07 11:48:53,015 : INFO : telemetry.sender : Sending 4356 bytes
12792 : 2024-05-07 11:48:53,015 : INFO : telemetry.sender : Finish uploading in 0.295730 seconds.
12792 : 2024-05-07 11:48:53,016 : INFO : telemetry.note : Update the last send in note to 2024-05-07 11:48:52
12792 : 2024-05-07 11:48:53,016 : INFO : telemetry.note : Update the note mtime to 2024-05-07 11:48:53.016479
12804 : 2024-05-07 11:48:58,103 : INFO : telemetry.main : Attempt start. Configuration directory [/Users/fschlegelone/.azure].
12804 : 2024-05-07 11:48:58,103 : DEBUG : telemetry.note : acquiring lock
12804 : 2024-05-07 11:48:58,103 : DEBUG : telemetry.note : acquired lock
12804 : 2024-05-07 11:48:58,103 : INFO : telemetry.note : Update the note mtime to 2024-05-07 11:48:58.103754
12804 : 2024-05-07 11:48:58,104 : INFO : telemetry.note : Read timestamp from the note. The last send was 2024-05-07 11:48:52.
12804 : 2024-05-07 11:48:58,104 : INFO : telemetry.records : 1 cache files to move.
12804 : 2024-05-07 11:48:58,104 : INFO : telemetry.records : Create temp folder /var/folders/t8/nh9c_yvx5qjb_4xrv8gzlthc0000gn/T/tmp4yv_yd_7
12804 : 2024-05-07 11:48:58,104 : INFO : telemetry.records : Move file /Users/fschlegelone/.azure/telemetry/cache to /var/folders/t8/nh9c_yvx5qjb_4xrv8gzlthc0000gn/T/tmp4yv_yd_7/cache
12804 : 2024-05-07 11:48:58,104 : INFO : telemetry.records : Processed file /var/folders/t8/nh9c_yvx5qjb_4xrv8gzlthc0000gn/T/tmp4yv_yd_7/cache into 1 records.
12804 : 2024-05-07 11:48:58,104 : INFO : telemetry.records : Remove directory /var/folders/t8/nh9c_yvx5qjb_4xrv8gzlthc0000gn/T/tmp4yv_yd_7
12804 : 2024-05-07 11:48:58,105 : INFO : telemetry.client : Accumulated 1 events. Flush the clients.
12804 : 2024-05-07 11:48:58,105 : INFO : telemetry.client : Flush client c4395b75-49cc-422c-bc95-c7d51aef5d46.
12804 : 2024-05-07 11:48:58,349 : INFO : telemetry.sender : Sending 4173 bytes
12804 : 2024-05-07 11:48:58,349 : INFO : telemetry.sender : Finish uploading in 0.244470 seconds.
12804 : 2024-05-07 11:48:58,350 : INFO : telemetry.note : Update the last send in note to 2024-05-07 11:48:58
12804 : 2024-05-07 11:48:58,350 : INFO : telemetry.note : Update the note mtime to 2024-05-07 11:48:58.350175
12821 : 2024-05-07 11:49:05,335 : INFO : telemetry.main : Attempt start. Configuration directory [/Users/fschlegelone/.azure].
12821 : 2024-05-07 11:49:05,336 : DEBUG : telemetry.note : acquiring lock
12821 : 2024-05-07 11:49:05,336 : DEBUG : telemetry.note : acquired lock
12821 : 2024-05-07 11:49:05,336 : INFO : telemetry.note : Update the note mtime to 2024-05-07 11:49:05.336132
12821 : 2024-05-07 11:49:05,336 : INFO : telemetry.note : Read timestamp from the note. The last send was 2024-05-07 11:48:58.
12821 : 2024-05-07 11:49:05,336 : INFO : telemetry.records : 1 cache files to move.
12821 : 2024-05-07 11:49:05,336 : INFO : telemetry.records : Create temp folder /var/folders/t8/nh9c_yvx5qjb_4xrv8gzlthc0000gn/T/tmp5673bkpm
12821 : 2024-05-07 11:49:05,336 : INFO : telemetry.records : Move file /Users/fschlegelone/.azure/telemetry/cache to /var/folders/t8/nh9c_yvx5qjb_4xrv8gzlthc0000gn/T/tmp5673bkpm/cache
12821 : 2024-05-07 11:49:05,336 : INFO : telemetry.records : Processed file /var/folders/t8/nh9c_yvx5qjb_4xrv8gzlthc0000gn/T/tmp5673bkpm/cache into 1 records.
12821 : 2024-05-07 11:49:05,337 : INFO : telemetry.records : Remove directory /var/folders/t8/nh9c_yvx5qjb_4xrv8gzlthc0000gn/T/tmp5673bkpm
12821 : 2024-05-07 11:49:05,337 : INFO : telemetry.client : Accumulated 1 events. Flush the clients.
12821 : 2024-05-07 11:49:05,337 : INFO : telemetry.client : Flush client c4395b75-49cc-422c-bc95-c7d51aef5d46.
12821 : 2024-05-07 11:49:05,593 : INFO : telemetry.sender : Sending 4173 bytes
12821 : 2024-05-07 11:49:05,593 : INFO : telemetry.sender : Finish uploading in 0.255886 seconds.
12821 : 2024-05-07 11:49:05,593 : INFO : telemetry.note : Update the last send in note to 2024-05-07 11:49:05
12821 : 2024-05-07 11:49:05,593 : INFO : telemetry.note : Update the note mtime to 2024-05-07 11:49:05.593710
12835 : 2024-05-07 11:50:18,464 : INFO : telemetry.main : Attempt start. Configuration directory [/Users/fschlegelone/.azure].
12835 : 2024-05-07 11:50:18,464 : DEBUG : telemetry.note : acquiring lock
12835 : 2024-05-07 11:50:18,464 : DEBUG : telemetry.note : acquired lock
12835 : 2024-05-07 11:50:18,464 : INFO : telemetry.note : Update the note mtime to 2024-05-07 11:50:18.464958
12835 : 2024-05-07 11:50:18,465 : INFO : telemetry.note : Read timestamp from the note. The last send was 2024-05-07 11:49:05.
12835 : 2024-05-07 11:50:18,465 : INFO : telemetry.records : 1 cache files to move.
12835 : 2024-05-07 11:50:18,465 : INFO : telemetry.records : Create temp folder /var/folders/t8/nh9c_yvx5qjb_4xrv8gzlthc0000gn/T/tmpzd99kuz4
12835 : 2024-05-07 11:50:18,465 : INFO : telemetry.records : Move file /Users/fschlegelone/.azure/telemetry/cache to /var/folders/t8/nh9c_yvx5qjb_4xrv8gzlthc0000gn/T/tmpzd99kuz4/cache
12835 : 2024-05-07 11:50:18,465 : INFO : telemetry.records : Processed file /var/folders/t8/nh9c_yvx5qjb_4xrv8gzlthc0000gn/T/tmpzd99kuz4/cache into 1 records.
12835 : 2024-05-07 11:50:18,465 : INFO : telemetry.records : Remove directory /var/folders/t8/nh9c_yvx5qjb_4xrv8gzlthc0000gn/T/tmpzd99kuz4
12835 : 2024-05-07 11:50:18,466 : INFO : telemetry.client : Accumulated 1 events. Flush the clients.
12835 : 2024-05-07 11:50:18,466 : INFO : telemetry.client : Flush client c4395b75-49cc-422c-bc95-c7d51aef5d46.
12835 : 2024-05-07 11:50:18,776 : INFO : telemetry.sender : Sending 4323 bytes
12835 : 2024-05-07 11:50:18,776 : INFO : telemetry.sender : Finish uploading in 0.310103 seconds.
12835 : 2024-05-07 11:50:18,776 : INFO : telemetry.note : Update the last send in note to 2024-05-07 11:50:18
12835 : 2024-05-07 11:50:18,777 : INFO : telemetry.note : Update the note mtime to 2024-05-07 11:50:18.777035
12862 : 2024-05-07 11:50:44,225 : INFO : telemetry.main : Attempt start. Configuration directory [/Users/fschlegelone/.azure].
12862 : 2024-05-07 11:50:44,225 : DEBUG : telemetry.note : acquiring lock
12862 : 2024-05-07 11:50:44,225 : DEBUG : telemetry.note : acquired lock
12862 : 2024-05-07 11:50:44,225 : INFO : telemetry.note : Update the note mtime to 2024-05-07 11:50:44.225416
12862 : 2024-05-07 11:50:44,225 : INFO : telemetry.note : Read timestamp from the note. The last send was 2024-05-07 11:50:18.
12862 : 2024-05-07 11:50:44,226 : INFO : telemetry.records : 1 cache files to move.
12862 : 2024-05-07 11:50:44,226 : INFO : telemetry.records : Create temp folder /var/folders/t8/nh9c_yvx5qjb_4xrv8gzlthc0000gn/T/tmp135v6487
12862 : 2024-05-07 11:50:44,226 : INFO : telemetry.records : Move file /Users/fschlegelone/.azure/telemetry/cache to /var/folders/t8/nh9c_yvx5qjb_4xrv8gzlthc0000gn/T/tmp135v6487/cache
12862 : 2024-05-07 11:50:44,226 : INFO : telemetry.records : Processed file /var/folders/t8/nh9c_yvx5qjb_4xrv8gzlthc0000gn/T/tmp135v6487/cache into 1 records.
12862 : 2024-05-07 11:50:44,226 : INFO : telemetry.records : Remove directory /var/folders/t8/nh9c_yvx5qjb_4xrv8gzlthc0000gn/T/tmp135v6487
12862 : 2024-05-07 11:50:44,226 : INFO : telemetry.client : Accumulated 1 events. Flush the clients.
12862 : 2024-05-07 11:50:44,226 : INFO : telemetry.client : Flush client c4395b75-49cc-422c-bc95-c7d51aef5d46.
12862 : 2024-05-07 11:50:44,525 : INFO : telemetry.sender : Sending 4173 bytes
12862 : 2024-05-07 11:50:44,526 : INFO : telemetry.sender : Finish uploading in 0.299112 seconds.
12862 : 2024-05-07 11:50:44,526 : INFO : telemetry.note : Update the last send in note to 2024-05-07 11:50:44
12862 : 2024-05-07 11:50:44,526 : INFO : telemetry.note : Update the note mtime to 2024-05-07 11:50:44.526725
12882 : 2024-05-07 11:51:13,664 : INFO : telemetry.main : Attempt start. Configuration directory [/Users/fschlegelone/.azure].
12882 : 2024-05-07 11:51:13,664 : DEBUG : telemetry.note : acquiring lock
12882 : 2024-05-07 11:51:13,664 : DEBUG : telemetry.note : acquired lock
12882 : 2024-05-07 11:51:13,664 : INFO : telemetry.note : Update the note mtime to 2024-05-07 11:51:13.664214
12882 : 2024-05-07 11:51:13,664 : INFO : telemetry.note : Read timestamp from the note. The last send was 2024-05-07 11:50:44.
12882 : 2024-05-07 11:51:13,664 : INFO : telemetry.records : 1 cache files to move.
12882 : 2024-05-07 11:51:13,664 : INFO : telemetry.records : Create temp folder /var/folders/t8/nh9c_yvx5qjb_4xrv8gzlthc0000gn/T/tmppwame2yp
12882 : 2024-05-07 11:51:13,665 : INFO : telemetry.records : Move file /Users/fschlegelone/.azure/telemetry/cache to /var/folders/t8/nh9c_yvx5qjb_4xrv8gzlthc0000gn/T/tmppwame2yp/cache
12882 : 2024-05-07 11:51:13,665 : INFO : telemetry.records : Processed file /var/folders/t8/nh9c_yvx5qjb_4xrv8gzlthc0000gn/T/tmppwame2yp/cache into 1 records.
12882 : 2024-05-07 11:51:13,665 : INFO : telemetry.records : Remove directory /var/folders/t8/nh9c_yvx5qjb_4xrv8gzlthc0000gn/T/tmppwame2yp
12882 : 2024-05-07 11:51:13,665 : INFO : telemetry.client : Accumulated 1 events. Flush the clients.
12882 : 2024-05-07 11:51:13,665 : INFO : telemetry.client : Flush client c4395b75-49cc-422c-bc95-c7d51aef5d46.
12882 : 2024-05-07 11:51:13,944 : INFO : telemetry.sender : Sending 4236 bytes
12882 : 2024-05-07 11:51:13,944 : INFO : telemetry.sender : Finish uploading in 0.279327 seconds.
12882 : 2024-05-07 11:51:13,945 : INFO : telemetry.note : Update the last send in note to 2024-05-07 11:51:13
12882 : 2024-05-07 11:51:13,945 : INFO : telemetry.note : Update the note mtime to 2024-05-07 11:51:13.945337
12930 : 2024-05-07 11:52:26,465 : INFO : telemetry.main : Attempt start. Configuration directory [/Users/fschlegelone/.azure].
12930 : 2024-05-07 11:52:26,465 : DEBUG : telemetry.note : acquiring lock
12930 : 2024-05-07 11:52:26,465 : DEBUG : telemetry.note : acquired lock
12930 : 2024-05-07 11:52:26,465 : INFO : telemetry.note : Update the note mtime to 2024-05-07 11:52:26.465349
12930 : 2024-05-07 11:52:26,465 : INFO : telemetry.note : Read timestamp from the note. The last send was 2024-05-07 11:51:13.
12930 : 2024-05-07 11:52:26,466 : INFO : telemetry.records : 1 cache files to move.
12930 : 2024-05-07 11:52:26,466 : INFO : telemetry.records : Create temp folder /var/folders/t8/nh9c_yvx5qjb_4xrv8gzlthc0000gn/T/tmp3n_vrdrm
12930 : 2024-05-07 11:52:26,466 : INFO : telemetry.records : Move file /Users/fschlegelone/.azure/telemetry/cache to /var/folders/t8/nh9c_yvx5qjb_4xrv8gzlthc0000gn/T/tmp3n_vrdrm/cache
12930 : 2024-05-07 11:52:26,466 : INFO : telemetry.records : Processed file /var/folders/t8/nh9c_yvx5qjb_4xrv8gzlthc0000gn/T/tmp3n_vrdrm/cache into 1 records.
12930 : 2024-05-07 11:52:26,466 : INFO : telemetry.records : Remove directory /var/folders/t8/nh9c_yvx5qjb_4xrv8gzlthc0000gn/T/tmp3n_vrdrm
12930 : 2024-05-07 11:52:26,466 : INFO : telemetry.client : Accumulated 1 events. Flush the clients.
12930 : 2024-05-07 11:52:26,466 : INFO : telemetry.client : Flush client c4395b75-49cc-422c-bc95-c7d51aef5d46.
12930 : 2024-05-07 11:52:26,737 : INFO : telemetry.sender : Sending 4223 bytes
12930 : 2024-05-07 11:52:26,738 : INFO : telemetry.sender : Finish uploading in 0.271127 seconds.
12930 : 2024-05-07 11:52:26,738 : INFO : telemetry.note : Update the last send in note to 2024-05-07 11:52:26
12930 : 2024-05-07 11:52:26,738 : INFO : telemetry.note : Update the note mtime to 2024-05-07 11:52:26.738773
12941 : 2024-05-07 11:52:39,444 : INFO : telemetry.main : Attempt start. Configuration directory [/Users/fschlegelone/.azure].
12941 : 2024-05-07 11:52:39,444 : DEBUG : telemetry.note : acquiring lock
12941 : 2024-05-07 11:52:39,444 : DEBUG : telemetry.note : acquired lock
12941 : 2024-05-07 11:52:39,444 : INFO : telemetry.note : Update the note mtime to 2024-05-07 11:52:39.444856
12941 : 2024-05-07 11:52:39,445 : INFO : telemetry.note : Read timestamp from the note. The last send was 2024-05-07 11:52:26.
12941 : 2024-05-07 11:52:39,445 : INFO : telemetry.records : 1 cache files to move.
12941 : 2024-05-07 11:52:39,445 : INFO : telemetry.records : Create temp folder /var/folders/t8/nh9c_yvx5qjb_4xrv8gzlthc0000gn/T/tmp4s792v05
12941 : 2024-05-07 11:52:39,445 : INFO : telemetry.records : Move file /Users/fschlegelone/.azure/telemetry/cache to /var/folders/t8/nh9c_yvx5qjb_4xrv8gzlthc0000gn/T/tmp4s792v05/cache
12941 : 2024-05-07 11:52:39,445 : INFO : telemetry.records : Processed file /var/folders/t8/nh9c_yvx5qjb_4xrv8gzlthc0000gn/T/tmp4s792v05/cache into 1 records.
12941 : 2024-05-07 11:52:39,445 : INFO : telemetry.records : Remove directory /var/folders/t8/nh9c_yvx5qjb_4xrv8gzlthc0000gn/T/tmp4s792v05
12941 : 2024-05-07 11:52:39,446 : INFO : telemetry.client : Accumulated 1 events. Flush the clients.
12941 : 2024-05-07 11:52:39,446 : INFO : telemetry.client : Flush client c4395b75-49cc-422c-bc95-c7d51aef5d46.
12941 : 2024-05-07 11:52:39,679 : INFO : telemetry.sender : Sending 4228 bytes
12941 : 2024-05-07 11:52:39,679 : INFO : telemetry.sender : Finish uploading in 0.233584 seconds.
12941 : 2024-05-07 11:52:39,680 : INFO : telemetry.note : Update the last send in note to 2024-05-07 11:52:39
12941 : 2024-05-07 11:52:39,680 : INFO : telemetry.note : Update the note mtime to 2024-05-07 11:52:39.680475
12959 : 2024-05-07 11:53:08,670 : INFO : telemetry.main : Attempt start. Configuration directory [/Users/fschlegelone/.azure].
12959 : 2024-05-07 11:53:08,670 : DEBUG : telemetry.note : acquiring lock
12959 : 2024-05-07 11:53:08,670 : DEBUG : telemetry.note : acquired lock
12959 : 2024-05-07 11:53:08,670 : INFO : telemetry.note : Update the note mtime to 2024-05-07 11:53:08.670337
12959 : 2024-05-07 11:53:08,670 : INFO : telemetry.note : Read timestamp from the note. The last send was 2024-05-07 11:52:39.
12959 : 2024-05-07 11:53:08,670 : INFO : telemetry.records : 1 cache files to move.
12959 : 2024-05-07 11:53:08,670 : INFO : telemetry.records : Create temp folder /var/folders/t8/nh9c_yvx5qjb_4xrv8gzlthc0000gn/T/tmpm2rkv77t
12959 : 2024-05-07 11:53:08,671 : INFO : telemetry.records : Move file /Users/fschlegelone/.azure/telemetry/cache to /var/folders/t8/nh9c_yvx5qjb_4xrv8gzlthc0000gn/T/tmpm2rkv77t/cache
12959 : 2024-05-07 11:53:08,671 : INFO : telemetry.records : Processed file /var/folders/t8/nh9c_yvx5qjb_4xrv8gzlthc0000gn/T/tmpm2rkv77t/cache into 1 records.
12959 : 2024-05-07 11:53:08,671 : INFO : telemetry.records : Remove directory /var/folders/t8/nh9c_yvx5qjb_4xrv8gzlthc0000gn/T/tmpm2rkv77t
12959 : 2024-05-07 11:53:08,671 : INFO : telemetry.client : Accumulated 1 events. Flush the clients.
12959 : 2024-05-07 11:53:08,671 : INFO : telemetry.client : Flush client c4395b75-49cc-422c-bc95-c7d51aef5d46.
12959 : 2024-05-07 11:53:08,964 : INFO : telemetry.sender : Sending 4228 bytes
12959 : 2024-05-07 11:53:08,965 : INFO : telemetry.sender : Finish uploading in 0.293402 seconds.
12959 : 2024-05-07 11:53:08,965 : INFO : telemetry.note : Update the last send in note to 2024-05-07 11:53:08
12959 : 2024-05-07 11:53:08,965 : INFO : telemetry.note : Update the note mtime to 2024-05-07 11:53:08.965663
12973 : 2024-05-07 11:53:24,878 : INFO : telemetry.main : Attempt start. Configuration directory [/Users/fschlegelone/.azure].
12973 : 2024-05-07 11:53:24,878 : DEBUG : telemetry.note : acquiring lock
12973 : 2024-05-07 11:53:24,878 : DEBUG : telemetry.note : acquired lock
12973 : 2024-05-07 11:53:24,878 : INFO : telemetry.note : Update the note mtime to 2024-05-07 11:53:24.878921
12973 : 2024-05-07 11:53:24,879 : INFO : telemetry.note : Read timestamp from the note. The last send was 2024-05-07 11:53:08.
12973 : 2024-05-07 11:53:24,879 : INFO : telemetry.records : 1 cache files to move.
12973 : 2024-05-07 11:53:24,879 : INFO : telemetry.records : Create temp folder /var/folders/t8/nh9c_yvx5qjb_4xrv8gzlthc0000gn/T/tmph6bye087
12973 : 2024-05-07 11:53:24,879 : INFO : telemetry.records : Move file /Users/fschlegelone/.azure/telemetry/cache to /var/folders/t8/nh9c_yvx5qjb_4xrv8gzlthc0000gn/T/tmph6bye087/cache
12973 : 2024-05-07 11:53:24,879 : INFO : telemetry.records : Processed file /var/folders/t8/nh9c_yvx5qjb_4xrv8gzlthc0000gn/T/tmph6bye087/cache into 1 records.
12973 : 2024-05-07 11:53:24,879 : INFO : telemetry.records : Remove directory /var/folders/t8/nh9c_yvx5qjb_4xrv8gzlthc0000gn/T/tmph6bye087
12973 : 2024-05-07 11:53:24,880 : INFO : telemetry.client : Accumulated 1 events. Flush the clients.
12973 : 2024-05-07 11:53:24,880 : INFO : telemetry.client : Flush client c4395b75-49cc-422c-bc95-c7d51aef5d46.
12973 : 2024-05-07 11:53:25,142 : INFO : telemetry.sender : Sending 4246 bytes
12973 : 2024-05-07 11:53:25,143 : INFO : telemetry.sender : Finish uploading in 0.263002 seconds.
12973 : 2024-05-07 11:53:25,143 : INFO : telemetry.note : Update the last send in note to 2024-05-07 11:53:24
12973 : 2024-05-07 11:53:25,143 : INFO : telemetry.note : Update the note mtime to 2024-05-07 11:53:25.143890
12985 : 2024-05-07 11:54:13,242 : INFO : telemetry.main : Attempt start. Configuration directory [/Users/fschlegelone/.azure].
12985 : 2024-05-07 11:54:13,242 : DEBUG : telemetry.note : acquiring lock
12985 : 2024-05-07 11:54:13,242 : DEBUG : telemetry.note : acquired lock
12985 : 2024-05-07 11:54:13,242 : INFO : telemetry.note : Update the note mtime to 2024-05-07 11:54:13.242843
12985 : 2024-05-07 11:54:13,243 : INFO : telemetry.note : Read timestamp from the note. The last send was 2024-05-07 11:53:24.
12985 : 2024-05-07 11:54:13,243 : INFO : telemetry.records : 1 cache files to move.
12985 : 2024-05-07 11:54:13,243 : INFO : telemetry.records : Create temp folder /var/folders/t8/nh9c_yvx5qjb_4xrv8gzlthc0000gn/T/tmpkb1zhnsr
12985 : 2024-05-07 11:54:13,243 : INFO : telemetry.records : Move file /Users/fschlegelone/.azure/telemetry/cache to /var/folders/t8/nh9c_yvx5qjb_4xrv8gzlthc0000gn/T/tmpkb1zhnsr/cache
12985 : 2024-05-07 11:54:13,244 : INFO : telemetry.records : Processed file /var/folders/t8/nh9c_yvx5qjb_4xrv8gzlthc0000gn/T/tmpkb1zhnsr/cache into 1 records.
12985 : 2024-05-07 11:54:13,244 : INFO : telemetry.records : Remove directory /var/folders/t8/nh9c_yvx5qjb_4xrv8gzlthc0000gn/T/tmpkb1zhnsr
12985 : 2024-05-07 11:54:13,244 : INFO : telemetry.client : Accumulated 1 events. Flush the clients.
12985 : 2024-05-07 11:54:13,244 : INFO : telemetry.client : Flush client c4395b75-49cc-422c-bc95-c7d51aef5d46.
12985 : 2024-05-07 11:54:13,527 : INFO : telemetry.sender : Sending 4339 bytes
12985 : 2024-05-07 11:54:13,528 : INFO : telemetry.sender : Finish uploading in 0.283429 seconds.
12985 : 2024-05-07 11:54:13,528 : INFO : telemetry.note : Update the last send in note to 2024-05-07 11:54:13
12985 : 2024-05-07 11:54:13,529 : INFO : telemetry.note : Update the note mtime to 2024-05-07 11:54:13.528993
12997 : 2024-05-07 11:54:27,734 : INFO : telemetry.main : Attempt start. Configuration directory [/Users/fschlegelone/.azure].
12997 : 2024-05-07 11:54:27,734 : DEBUG : telemetry.note : acquiring lock
12997 : 2024-05-07 11:54:27,734 : DEBUG : telemetry.note : acquired lock
12997 : 2024-05-07 11:54:27,734 : INFO : telemetry.note : Update the note mtime to 2024-05-07 11:54:27.734922
12997 : 2024-05-07 11:54:27,735 : INFO : telemetry.note : Read timestamp from the note. The last send was 2024-05-07 11:54:13.
12997 : 2024-05-07 11:54:27,735 : INFO : telemetry.records : 1 cache files to move.
12997 : 2024-05-07 11:54:27,735 : INFO : telemetry.records : Create temp folder /var/folders/t8/nh9c_yvx5qjb_4xrv8gzlthc0000gn/T/tmp705xbw7d
12997 : 2024-05-07 11:54:27,735 : INFO : telemetry.records : Move file /Users/fschlegelone/.azure/telemetry/cache to /var/folders/t8/nh9c_yvx5qjb_4xrv8gzlthc0000gn/T/tmp705xbw7d/cache
12997 : 2024-05-07 11:54:27,735 : INFO : telemetry.records : Processed file /var/folders/t8/nh9c_yvx5qjb_4xrv8gzlthc0000gn/T/tmp705xbw7d/cache into 1 records.
12997 : 2024-05-07 11:54:27,735 : INFO : telemetry.records : Remove directory /var/folders/t8/nh9c_yvx5qjb_4xrv8gzlthc0000gn/T/tmp705xbw7d
12997 : 2024-05-07 11:54:27,736 : INFO : telemetry.client : Accumulated 1 events. Flush the clients.
12997 : 2024-05-07 11:54:27,736 : INFO : telemetry.client : Flush client c4395b75-49cc-422c-bc95-c7d51aef5d46.
12997 : 2024-05-07 11:54:27,987 : INFO : telemetry.sender : Sending 4246 bytes
12997 : 2024-05-07 11:54:27,987 : INFO : telemetry.sender : Finish uploading in 0.251280 seconds.
12997 : 2024-05-07 11:54:27,988 : INFO : telemetry.note : Update the last send in note to 2024-05-07 11:54:27
12997 : 2024-05-07 11:54:27,988 : INFO : telemetry.note : Update the note mtime to 2024-05-07 11:54:27.988305
